2019-12-29T15:53:58.788+0000 I CONTROL  [initandlisten] MongoDB starting : pid=1 port=27017 dbpath=/data/db 64-bit host=cac8674d5ffa
2019-12-29T15:53:58.788+0000 I CONTROL  [initandlisten] db version v3.6.15
2019-12-29T15:53:58.788+0000 I CONTROL  [initandlisten] git version: 18934fb5c814e87895c5e38ae1515dd6cb4c00f7
2019-12-29T15:53:58.788+0000 I CONTROL  [initandlisten] OpenSSL version: OpenSSL 1.0.2g  1 Mar 2016
2019-12-29T15:53:58.788+0000 I CONTROL  [initandlisten] allocator: tcmalloc
2019-12-29T15:53:58.788+0000 I CONTROL  [initandlisten] modules: none
2019-12-29T15:53:58.788+0000 I CONTROL  [initandlisten] build environment:
2019-12-29T15:53:58.788+0000 I CONTROL  [initandlisten]     distmod: ubuntu1604
2019-12-29T15:53:58.788+0000 I CONTROL  [initandlisten]     distarch: x86_64
2019-12-29T15:53:58.788+0000 I CONTROL  [initandlisten]     target_arch: x86_64
2019-12-29T15:53:58.788+0000 I CONTROL  [initandlisten] options: { config: "/etc/mongod.conf", net: { bindIp: "0.0.0.0", port: 27017 }, processManagement: { timeZoneInfo: "/usr/share/zoneinfo" }, security: { authorization: "disabled" }, storage: { journal: { enabled: true } }, systemLog: { destination: "file", logAppend: true, path: "/var/log/mongodb/mongod.log" } }
2019-12-29T15:53:58.789+0000 I -        [initandlisten] Detected data files in /data/db created by the 'wiredTiger' storage engine, so setting the active storage engine to 'wiredTiger'.
2019-12-29T15:53:58.789+0000 I STORAGE  [initandlisten] 
2019-12-29T15:53:58.789+0000 I STORAGE  [initandlisten] ** WARNING: Using the XFS filesystem is strongly recommended with the WiredTiger storage engine
2019-12-29T15:53:58.789+0000 I STORAGE  [initandlisten] **          See http://dochub.mongodb.org/core/prodnotes-filesystem
2019-12-29T15:53:58.789+0000 I STORAGE  [initandlisten] wiredtiger_open config: create,cache_size=487M,cache_overflow=(file_max=0M),session_max=20000,eviction=(threads_min=4,threads_max=4),config_base=false,statistics=(fast),compatibility=(release="3.0",require_max="3.0"),log=(enabled=true,archive=true,path=journal,compressor=snappy),file_manager=(close_idle_time=100000),statistics_log=(wait=0),verbose=(recovery_progress),
2019-12-29T15:53:59.455+0000 I STORAGE  [initandlisten] WiredTiger message [1577634839:455205][1:0x7f35875e3a40], txn-recover: Main recovery loop: starting at 4/4992
2019-12-29T15:53:59.534+0000 I STORAGE  [initandlisten] WiredTiger message [1577634839:534787][1:0x7f35875e3a40], txn-recover: Recovering log 4 through 5
2019-12-29T15:53:59.606+0000 I STORAGE  [initandlisten] WiredTiger message [1577634839:606212][1:0x7f35875e3a40], txn-recover: Recovering log 5 through 5
2019-12-29T15:53:59.668+0000 I STORAGE  [initandlisten] WiredTiger message [1577634839:668433][1:0x7f35875e3a40], txn-recover: Set global recovery timestamp: 0
2019-12-29T15:53:59.848+0000 I CONTROL  [initandlisten] ** WARNING: You are running this process as the root user, which is not recommended.
2019-12-29T15:53:59.848+0000 I CONTROL  [initandlisten] 
2019-12-29T15:53:59.850+0000 I FTDC     [initandlisten] Initializing full-time diagnostic data capture with directory '/data/db/diagnostic.data'
2019-12-29T15:53:59.850+0000 I NETWORK  [initandlisten] listening via socket bound to 0.0.0.0
2019-12-29T15:53:59.850+0000 I NETWORK  [initandlisten] listening via socket bound to /tmp/mongodb-27017.sock
2019-12-29T15:53:59.850+0000 I NETWORK  [initandlisten] waiting for connections on port 27017
2019-12-29T15:54:00.652+0000 I NETWORK  [listener] connection accepted from 172.22.0.6:50166 #1 (1 connection now open)
2019-12-29T15:54:00.653+0000 I NETWORK  [conn1] end connection 172.22.0.6:50166 (0 connections now open)
2019-12-29T15:54:01.994+0000 I NETWORK  [listener] connection accepted from 172.22.0.6:50176 #2 (1 connection now open)
2019-12-29T15:54:02.014+0000 I NETWORK  [conn2] received client metadata from 172.22.0.6:50176 conn2: { driver: { name: "nodejs|Mongoose", version: "3.4.1|5.8.3" }, os: { type: "Linux", name: "linux", architecture: "x64", version: "4.9.184-linuxkit" }, platform: "'Node.js v13.5.0, LE (unified)" }
2019-12-29T15:54:36.673+0000 I NETWORK  [conn2] end connection 172.22.0.6:50176 (0 connections now open)
2019-12-29T15:54:37.397+0000 I CONTROL  [signalProcessingThread] got signal 15 (Terminated), will terminate after current cmd ends
2019-12-29T15:54:37.397+0000 I NETWORK  [signalProcessingThread] shutdown: going to close listening sockets...
2019-12-29T15:54:37.397+0000 I NETWORK  [signalProcessingThread] removing socket file: /tmp/mongodb-27017.sock
2019-12-29T15:54:37.398+0000 I FTDC     [signalProcessingThread] Shutting down full-time diagnostic data capture
2019-12-29T15:54:37.399+0000 I STORAGE  [signalProcessingThread] WiredTigerKVEngine shutting down
2019-12-29T15:54:37.593+0000 I STORAGE  [signalProcessingThread] shutdown: removing fs lock...
2019-12-29T15:54:37.594+0000 I CONTROL  [signalProcessingThread] now exiting
2019-12-29T15:54:37.594+0000 I CONTROL  [signalProcessingThread] shutting down with code:0
2020-01-01T19:33:38.817+0000 I CONTROL  [main] ***** SERVER RESTARTED *****
2020-01-01T19:33:39.111+0000 I CONTROL  [initandlisten] MongoDB starting : pid=1 port=27017 dbpath=/data/db 64-bit host=cac8674d5ffa
2020-01-01T19:33:39.111+0000 I CONTROL  [initandlisten] db version v3.6.15
2020-01-01T19:33:39.111+0000 I CONTROL  [initandlisten] git version: 18934fb5c814e87895c5e38ae1515dd6cb4c00f7
2020-01-01T19:33:39.111+0000 I CONTROL  [initandlisten] OpenSSL version: OpenSSL 1.0.2g  1 Mar 2016
2020-01-01T19:33:39.112+0000 I CONTROL  [initandlisten] allocator: tcmalloc
2020-01-01T19:33:39.112+0000 I CONTROL  [initandlisten] modules: none
2020-01-01T19:33:39.112+0000 I CONTROL  [initandlisten] build environment:
2020-01-01T19:33:39.112+0000 I CONTROL  [initandlisten]     distmod: ubuntu1604
2020-01-01T19:33:39.112+0000 I CONTROL  [initandlisten]     distarch: x86_64
2020-01-01T19:33:39.112+0000 I CONTROL  [initandlisten]     target_arch: x86_64
2020-01-01T19:33:39.112+0000 I CONTROL  [initandlisten] options: { config: "/etc/mongod.conf", net: { bindIp: "0.0.0.0", port: 27017 }, processManagement: { fork: false, timeZoneInfo: "/usr/share/zoneinfo" }, security: { authorization: "disabled" }, storage: { journal: { enabled: true } }, systemLog: { destination: "file", logAppend: true, path: "/var/log/mongodb/mongod.log" } }
2020-01-01T19:33:39.123+0000 I -        [initandlisten] Detected data files in /data/db created by the 'wiredTiger' storage engine, so setting the active storage engine to 'wiredTiger'.
2020-01-01T19:33:39.123+0000 I STORAGE  [initandlisten] 
2020-01-01T19:33:39.123+0000 I STORAGE  [initandlisten] ** WARNING: Using the XFS filesystem is strongly recommended with the WiredTiger storage engine
2020-01-01T19:33:39.124+0000 I STORAGE  [initandlisten] **          See http://dochub.mongodb.org/core/prodnotes-filesystem
2020-01-01T19:33:39.124+0000 I STORAGE  [initandlisten] wiredtiger_open config: create,cache_size=487M,cache_overflow=(file_max=0M),session_max=20000,eviction=(threads_min=4,threads_max=4),config_base=false,statistics=(fast),compatibility=(release="3.0",require_max="3.0"),log=(enabled=true,archive=true,path=journal,compressor=snappy),file_manager=(close_idle_time=100000),statistics_log=(wait=0),verbose=(recovery_progress),
2020-01-01T19:33:39.719+0000 I STORAGE  [initandlisten] WiredTiger message [1577907219:719064][1:0x7f933f814a40], txn-recover: Main recovery loop: starting at 5/4992
2020-01-01T19:33:39.789+0000 I STORAGE  [initandlisten] WiredTiger message [1577907219:789023][1:0x7f933f814a40], txn-recover: Recovering log 5 through 6
2020-01-01T19:33:39.848+0000 I STORAGE  [initandlisten] WiredTiger message [1577907219:848069][1:0x7f933f814a40], txn-recover: Recovering log 6 through 6
2020-01-01T19:33:39.889+0000 I STORAGE  [initandlisten] WiredTiger message [1577907219:889295][1:0x7f933f814a40], txn-recover: Set global recovery timestamp: 0
2020-01-01T19:33:40.024+0000 I CONTROL  [initandlisten] ** WARNING: You are running this process as the root user, which is not recommended.
2020-01-01T19:33:40.025+0000 I CONTROL  [initandlisten] 
2020-01-01T19:33:40.037+0000 I FTDC     [initandlisten] Initializing full-time diagnostic data capture with directory '/data/db/diagnostic.data'
2020-01-01T19:33:40.038+0000 I NETWORK  [initandlisten] listening via socket bound to 0.0.0.0
2020-01-01T19:33:40.038+0000 I NETWORK  [initandlisten] listening via socket bound to /tmp/mongodb-27017.sock
2020-01-01T19:33:40.038+0000 I NETWORK  [initandlisten] waiting for connections on port 27017
2020-01-09T19:37:41.861+0000 I CONTROL  [signalProcessingThread] got signal 15 (Terminated), will terminate after current cmd ends
2020-01-09T19:37:42.010+0000 I NETWORK  [signalProcessingThread] shutdown: going to close listening sockets...
2020-01-09T19:37:42.010+0000 I NETWORK  [signalProcessingThread] removing socket file: /tmp/mongodb-27017.sock
2020-01-09T19:37:42.011+0000 I FTDC     [signalProcessingThread] Shutting down full-time diagnostic data capture
2020-01-09T19:37:42.014+0000 I STORAGE  [signalProcessingThread] WiredTigerKVEngine shutting down
2020-01-09T19:37:42.142+0000 I STORAGE  [signalProcessingThread] shutdown: removing fs lock...
2020-01-09T19:37:42.142+0000 I CONTROL  [signalProcessingThread] now exiting
2020-01-09T19:37:42.143+0000 I CONTROL  [signalProcessingThread] shutting down with code:0
2020-01-11T11:57:23.194+0000 I CONTROL  [main] ***** SERVER RESTARTED *****
2020-01-11T11:57:23.394+0000 I CONTROL  [initandlisten] MongoDB starting : pid=1 port=27017 dbpath=/data/db 64-bit host=cac8674d5ffa
2020-01-11T11:57:23.395+0000 I CONTROL  [initandlisten] db version v3.6.15
2020-01-11T11:57:23.395+0000 I CONTROL  [initandlisten] git version: 18934fb5c814e87895c5e38ae1515dd6cb4c00f7
2020-01-11T11:57:23.395+0000 I CONTROL  [initandlisten] OpenSSL version: OpenSSL 1.0.2g  1 Mar 2016
2020-01-11T11:57:23.396+0000 I CONTROL  [initandlisten] allocator: tcmalloc
2020-01-11T11:57:23.396+0000 I CONTROL  [initandlisten] modules: none
2020-01-11T11:57:23.396+0000 I CONTROL  [initandlisten] build environment:
2020-01-11T11:57:23.396+0000 I CONTROL  [initandlisten]     distmod: ubuntu1604
2020-01-11T11:57:23.396+0000 I CONTROL  [initandlisten]     distarch: x86_64
2020-01-11T11:57:23.397+0000 I CONTROL  [initandlisten]     target_arch: x86_64
2020-01-11T11:57:23.397+0000 I CONTROL  [initandlisten] options: { config: "/etc/mongod.conf", net: { bindIp: "0.0.0.0", port: 27017 }, processManagement: { fork: false, timeZoneInfo: "/usr/share/zoneinfo" }, security: { authorization: "disabled" }, storage: { journal: { enabled: true } }, systemLog: { destination: "file", logAppend: true, path: "/var/log/mongodb/mongod.log" } }
2020-01-11T11:57:23.403+0000 I -        [initandlisten] Detected data files in /data/db created by the 'wiredTiger' storage engine, so setting the active storage engine to 'wiredTiger'.
2020-01-11T11:57:23.403+0000 I STORAGE  [initandlisten] 
2020-01-11T11:57:23.403+0000 I STORAGE  [initandlisten] ** WARNING: Using the XFS filesystem is strongly recommended with the WiredTiger storage engine
2020-01-11T11:57:23.404+0000 I STORAGE  [initandlisten] **          See http://dochub.mongodb.org/core/prodnotes-filesystem
2020-01-11T11:57:23.404+0000 I STORAGE  [initandlisten] wiredtiger_open config: create,cache_size=487M,cache_overflow=(file_max=0M),session_max=20000,eviction=(threads_min=4,threads_max=4),config_base=false,statistics=(fast),compatibility=(release="3.0",require_max="3.0"),log=(enabled=true,archive=true,path=journal,compressor=snappy),file_manager=(close_idle_time=100000),statistics_log=(wait=0),verbose=(recovery_progress),
2020-01-11T11:57:23.972+0000 I STORAGE  [initandlisten] WiredTiger message [1578743843:972470][1:0x7f8336b00a40], txn-recover: Main recovery loop: starting at 6/294528
2020-01-11T11:57:24.053+0000 I STORAGE  [initandlisten] WiredTiger message [1578743844:53229][1:0x7f8336b00a40], txn-recover: Recovering log 6 through 7
2020-01-11T11:57:24.132+0000 I STORAGE  [initandlisten] WiredTiger message [1578743844:132090][1:0x7f8336b00a40], txn-recover: Recovering log 7 through 7
2020-01-11T11:57:24.170+0000 I STORAGE  [initandlisten] WiredTiger message [1578743844:170845][1:0x7f8336b00a40], txn-recover: Set global recovery timestamp: 0
2020-01-11T11:57:24.313+0000 I CONTROL  [initandlisten] ** WARNING: You are running this process as the root user, which is not recommended.
2020-01-11T11:57:24.313+0000 I CONTROL  [initandlisten] 
2020-01-11T11:57:24.384+0000 I FTDC     [initandlisten] Initializing full-time diagnostic data capture with directory '/data/db/diagnostic.data'
2020-01-11T11:57:24.384+0000 I NETWORK  [initandlisten] listening via socket bound to 0.0.0.0
2020-01-11T11:57:24.384+0000 I NETWORK  [initandlisten] listening via socket bound to /tmp/mongodb-27017.sock
2020-01-11T11:57:24.384+0000 I NETWORK  [initandlisten] waiting for connections on port 27017
2020-01-12T12:00:27.803+0000 I CONTROL  [signalProcessingThread] got signal 15 (Terminated), will terminate after current cmd ends
2020-01-12T12:00:27.823+0000 I NETWORK  [signalProcessingThread] shutdown: going to close listening sockets...
2020-01-12T12:00:27.823+0000 I NETWORK  [signalProcessingThread] removing socket file: /tmp/mongodb-27017.sock
2020-01-12T12:00:27.823+0000 I FTDC     [signalProcessingThread] Shutting down full-time diagnostic data capture
2020-01-12T12:00:27.827+0000 I STORAGE  [signalProcessingThread] WiredTigerKVEngine shutting down
2020-01-12T12:00:27.950+0000 I STORAGE  [signalProcessingThread] shutdown: removing fs lock...
2020-01-12T12:00:27.950+0000 I CONTROL  [signalProcessingThread] now exiting
2020-01-12T12:00:27.950+0000 I CONTROL  [signalProcessingThread] shutting down with code:0
2020-01-15T09:08:55.151+0000 I CONTROL  [main] ***** SERVER RESTARTED *****
2020-01-15T09:08:55.284+0000 I CONTROL  [initandlisten] MongoDB starting : pid=1 port=27017 dbpath=/data/db 64-bit host=cac8674d5ffa
2020-01-15T09:08:55.285+0000 I CONTROL  [initandlisten] db version v3.6.15
2020-01-15T09:08:55.285+0000 I CONTROL  [initandlisten] git version: 18934fb5c814e87895c5e38ae1515dd6cb4c00f7
2020-01-15T09:08:55.286+0000 I CONTROL  [initandlisten] OpenSSL version: OpenSSL 1.0.2g  1 Mar 2016
2020-01-15T09:08:55.287+0000 I CONTROL  [initandlisten] allocator: tcmalloc
2020-01-15T09:08:55.287+0000 I CONTROL  [initandlisten] modules: none
2020-01-15T09:08:55.287+0000 I CONTROL  [initandlisten] build environment:
2020-01-15T09:08:55.287+0000 I CONTROL  [initandlisten]     distmod: ubuntu1604
2020-01-15T09:08:55.288+0000 I CONTROL  [initandlisten]     distarch: x86_64
2020-01-15T09:08:55.288+0000 I CONTROL  [initandlisten]     target_arch: x86_64
2020-01-15T09:08:55.288+0000 I CONTROL  [initandlisten] options: { config: "/etc/mongod.conf", net: { bindIp: "0.0.0.0", port: 27017 }, processManagement: { fork: false, timeZoneInfo: "/usr/share/zoneinfo" }, security: { authorization: "disabled" }, storage: { journal: { enabled: true } }, systemLog: { destination: "file", logAppend: true, path: "/var/log/mongodb/mongod.log" } }
2020-01-15T09:08:55.293+0000 I -        [initandlisten] Detected data files in /data/db created by the 'wiredTiger' storage engine, so setting the active storage engine to 'wiredTiger'.
2020-01-15T09:08:55.295+0000 I STORAGE  [initandlisten] 
2020-01-15T09:08:55.295+0000 I STORAGE  [initandlisten] ** WARNING: Using the XFS filesystem is strongly recommended with the WiredTiger storage engine
2020-01-15T09:08:55.295+0000 I STORAGE  [initandlisten] **          See http://dochub.mongodb.org/core/prodnotes-filesystem
2020-01-15T09:08:55.296+0000 I STORAGE  [initandlisten] wiredtiger_open config: create,cache_size=487M,cache_overflow=(file_max=0M),session_max=20000,eviction=(threads_min=4,threads_max=4),config_base=false,statistics=(fast),compatibility=(release="3.0",require_max="3.0"),log=(enabled=true,archive=true,path=journal,compressor=snappy),file_manager=(close_idle_time=100000),statistics_log=(wait=0),verbose=(recovery_progress),
2020-01-15T09:08:55.875+0000 I STORAGE  [initandlisten] WiredTiger message [1579079335:875444][1:0x7f3c0a633a40], txn-recover: Main recovery loop: starting at 7/47872
2020-01-15T09:08:55.944+0000 I STORAGE  [initandlisten] WiredTiger message [1579079335:944413][1:0x7f3c0a633a40], txn-recover: Recovering log 7 through 8
2020-01-15T09:08:56.017+0000 I STORAGE  [initandlisten] WiredTiger message [1579079336:17033][1:0x7f3c0a633a40], txn-recover: Recovering log 8 through 8
2020-01-15T09:08:56.055+0000 I STORAGE  [initandlisten] WiredTiger message [1579079336:55599][1:0x7f3c0a633a40], txn-recover: Set global recovery timestamp: 0
2020-01-15T09:08:56.217+0000 I CONTROL  [initandlisten] ** WARNING: You are running this process as the root user, which is not recommended.
2020-01-15T09:08:56.217+0000 I CONTROL  [initandlisten] 
2020-01-15T09:08:56.229+0000 I FTDC     [initandlisten] Initializing full-time diagnostic data capture with directory '/data/db/diagnostic.data'
2020-01-15T09:08:56.229+0000 I NETWORK  [initandlisten] listening via socket bound to 0.0.0.0
2020-01-15T09:08:56.229+0000 I NETWORK  [initandlisten] listening via socket bound to /tmp/mongodb-27017.sock
2020-01-15T09:08:56.229+0000 I NETWORK  [initandlisten] waiting for connections on port 27017
2020-01-15T09:09:33.974+0000 I CONTROL  [signalProcessingThread] got signal 15 (Terminated), will terminate after current cmd ends
2020-01-15T09:09:33.986+0000 I NETWORK  [signalProcessingThread] shutdown: going to close listening sockets...
2020-01-15T09:09:33.986+0000 I NETWORK  [signalProcessingThread] removing socket file: /tmp/mongodb-27017.sock
2020-01-15T09:09:33.986+0000 I FTDC     [signalProcessingThread] Shutting down full-time diagnostic data capture
2020-01-15T09:09:33.988+0000 I STORAGE  [signalProcessingThread] WiredTigerKVEngine shutting down
2020-01-15T09:09:34.169+0000 I STORAGE  [signalProcessingThread] shutdown: removing fs lock...
2020-01-15T09:09:34.170+0000 I CONTROL  [signalProcessingThread] now exiting
2020-01-15T09:09:34.170+0000 I CONTROL  [signalProcessingThread] shutting down with code:0
2020-01-15T09:11:56.683+0000 I CONTROL  [main] ***** SERVER RESTARTED *****
2020-01-15T09:11:56.841+0000 I CONTROL  [initandlisten] MongoDB starting : pid=1 port=27017 dbpath=/data/db 64-bit host=cac8674d5ffa
2020-01-15T09:11:56.841+0000 I CONTROL  [initandlisten] db version v3.6.15
2020-01-15T09:11:56.841+0000 I CONTROL  [initandlisten] git version: 18934fb5c814e87895c5e38ae1515dd6cb4c00f7
2020-01-15T09:11:56.841+0000 I CONTROL  [initandlisten] OpenSSL version: OpenSSL 1.0.2g  1 Mar 2016
2020-01-15T09:11:56.841+0000 I CONTROL  [initandlisten] allocator: tcmalloc
2020-01-15T09:11:56.842+0000 I CONTROL  [initandlisten] modules: none
2020-01-15T09:11:56.842+0000 I CONTROL  [initandlisten] build environment:
2020-01-15T09:11:56.842+0000 I CONTROL  [initandlisten]     distmod: ubuntu1604
2020-01-15T09:11:56.842+0000 I CONTROL  [initandlisten]     distarch: x86_64
2020-01-15T09:11:56.842+0000 I CONTROL  [initandlisten]     target_arch: x86_64
2020-01-15T09:11:56.843+0000 I CONTROL  [initandlisten] options: { config: "/etc/mongod.conf", net: { bindIp: "0.0.0.0", port: 27017 }, processManagement: { fork: false, timeZoneInfo: "/usr/share/zoneinfo" }, security: { authorization: "disabled" }, storage: { journal: { enabled: true } }, systemLog: { destination: "file", logAppend: true, path: "/var/log/mongodb/mongod.log" } }
2020-01-15T09:11:56.845+0000 I -        [initandlisten] Detected data files in /data/db created by the 'wiredTiger' storage engine, so setting the active storage engine to 'wiredTiger'.
2020-01-15T09:11:56.845+0000 I STORAGE  [initandlisten] 
2020-01-15T09:11:56.846+0000 I STORAGE  [initandlisten] ** WARNING: Using the XFS filesystem is strongly recommended with the WiredTiger storage engine
2020-01-15T09:11:56.846+0000 I STORAGE  [initandlisten] **          See http://dochub.mongodb.org/core/prodnotes-filesystem
2020-01-15T09:11:56.846+0000 I STORAGE  [initandlisten] wiredtiger_open config: create,cache_size=487M,cache_overflow=(file_max=0M),session_max=20000,eviction=(threads_min=4,threads_max=4),config_base=false,statistics=(fast),compatibility=(release="3.0",require_max="3.0"),log=(enabled=true,archive=true,path=journal,compressor=snappy),file_manager=(close_idle_time=100000),statistics_log=(wait=0),verbose=(recovery_progress),
2020-01-15T09:11:57.434+0000 I STORAGE  [initandlisten] WiredTiger message [1579079517:434140][1:0x7fa252aa4a40], txn-recover: Main recovery loop: starting at 8/4992
2020-01-15T09:11:57.502+0000 I STORAGE  [initandlisten] WiredTiger message [1579079517:502847][1:0x7fa252aa4a40], txn-recover: Recovering log 8 through 9
2020-01-15T09:11:57.568+0000 I STORAGE  [initandlisten] WiredTiger message [1579079517:568790][1:0x7fa252aa4a40], txn-recover: Recovering log 9 through 9
2020-01-15T09:11:57.601+0000 I STORAGE  [initandlisten] WiredTiger message [1579079517:601762][1:0x7fa252aa4a40], txn-recover: Set global recovery timestamp: 0
2020-01-15T09:11:57.787+0000 I CONTROL  [initandlisten] ** WARNING: You are running this process as the root user, which is not recommended.
2020-01-15T09:11:57.787+0000 I CONTROL  [initandlisten] 
2020-01-15T09:11:57.798+0000 I FTDC     [initandlisten] Initializing full-time diagnostic data capture with directory '/data/db/diagnostic.data'
2020-01-15T09:11:57.798+0000 I NETWORK  [initandlisten] listening via socket bound to 0.0.0.0
2020-01-15T09:11:57.798+0000 I NETWORK  [initandlisten] listening via socket bound to /tmp/mongodb-27017.sock
2020-01-15T09:11:57.798+0000 I NETWORK  [initandlisten] waiting for connections on port 27017
2020-01-21T08:38:13.987+0000 I COMMAND  [ftdc] serverStatus was very slow: { after basic: 0, after asserts: 0, after backgroundFlushing: 0, after connections: 0, after dur: 4827969, after extra_info: 4827969, after globalLock: 4827969, after locks: 4827969, after logicalSessionRecordCache: 4827969, after network: 4827969, after opLatencies: 4827969, after opReadConcernCounters: 4827969, after opcounters: 4827969, after opcountersRepl: 4827969, after repl: 4827969, after security: 4827969, after storageEngine: 4827969, after tcmalloc: 4827969, after transactions: 4827969, after transportSecurity: 4827969, after wiredTiger: 4827969, at end: 4827969 }
2020-02-03T05:12:51.430+0000 I CONTROL  [signalProcessingThread] got signal 15 (Terminated), will terminate after current cmd ends
2020-02-03T05:12:51.442+0000 I NETWORK  [signalProcessingThread] shutdown: going to close listening sockets...
2020-02-03T05:12:51.443+0000 I NETWORK  [signalProcessingThread] removing socket file: /tmp/mongodb-27017.sock
2020-02-03T05:12:51.444+0000 I FTDC     [signalProcessingThread] Shutting down full-time diagnostic data capture
2020-02-03T05:12:51.446+0000 I STORAGE  [signalProcessingThread] WiredTigerKVEngine shutting down
2020-02-03T05:12:51.568+0000 I STORAGE  [signalProcessingThread] shutdown: removing fs lock...
2020-02-03T05:12:51.568+0000 I CONTROL  [signalProcessingThread] now exiting
2020-02-03T05:12:51.568+0000 I CONTROL  [signalProcessingThread] shutting down with code:0
2020-02-03T06:27:13.753+0000 I CONTROL  [main] ***** SERVER RESTARTED *****
2020-02-03T06:27:13.895+0000 I CONTROL  [initandlisten] MongoDB starting : pid=1 port=27017 dbpath=/data/db 64-bit host=cac8674d5ffa
2020-02-03T06:27:13.895+0000 I CONTROL  [initandlisten] db version v3.6.15
2020-02-03T06:27:13.895+0000 I CONTROL  [initandlisten] git version: 18934fb5c814e87895c5e38ae1515dd6cb4c00f7
2020-02-03T06:27:13.896+0000 I CONTROL  [initandlisten] OpenSSL version: OpenSSL 1.0.2g  1 Mar 2016
2020-02-03T06:27:13.896+0000 I CONTROL  [initandlisten] allocator: tcmalloc
2020-02-03T06:27:13.896+0000 I CONTROL  [initandlisten] modules: none
2020-02-03T06:27:13.896+0000 I CONTROL  [initandlisten] build environment:
2020-02-03T06:27:13.896+0000 I CONTROL  [initandlisten]     distmod: ubuntu1604
2020-02-03T06:27:13.897+0000 I CONTROL  [initandlisten]     distarch: x86_64
2020-02-03T06:27:13.897+0000 I CONTROL  [initandlisten]     target_arch: x86_64
2020-02-03T06:27:13.897+0000 I CONTROL  [initandlisten] options: { config: "/etc/mongod.conf", net: { bindIp: "0.0.0.0", port: 27017 }, processManagement: { fork: false, timeZoneInfo: "/usr/share/zoneinfo" }, security: { authorization: "disabled" }, storage: { journal: { enabled: true } }, systemLog: { destination: "file", logAppend: true, path: "/var/log/mongodb/mongod.log" } }
2020-02-03T06:27:13.901+0000 I -        [initandlisten] Detected data files in /data/db created by the 'wiredTiger' storage engine, so setting the active storage engine to 'wiredTiger'.
2020-02-03T06:27:13.901+0000 I STORAGE  [initandlisten] 
2020-02-03T06:27:13.901+0000 I STORAGE  [initandlisten] ** WARNING: Using the XFS filesystem is strongly recommended with the WiredTiger storage engine
2020-02-03T06:27:13.901+0000 I STORAGE  [initandlisten] **          See http://dochub.mongodb.org/core/prodnotes-filesystem
2020-02-03T06:27:13.901+0000 I STORAGE  [initandlisten] wiredtiger_open config: create,cache_size=487M,cache_overflow=(file_max=0M),session_max=20000,eviction=(threads_min=4,threads_max=4),config_base=false,statistics=(fast),compatibility=(release="3.0",require_max="3.0"),log=(enabled=true,archive=true,path=journal,compressor=snappy),file_manager=(close_idle_time=100000),statistics_log=(wait=0),verbose=(recovery_progress),
2020-02-03T06:27:14.490+0000 I STORAGE  [initandlisten] WiredTiger message [1580711234:490484][1:0x7fcf429d1a40], txn-recover: Main recovery loop: starting at 9/164096
2020-02-03T06:27:14.554+0000 I STORAGE  [initandlisten] WiredTiger message [1580711234:554971][1:0x7fcf429d1a40], txn-recover: Recovering log 9 through 10
2020-02-03T06:27:14.614+0000 I STORAGE  [initandlisten] WiredTiger message [1580711234:614754][1:0x7fcf429d1a40], txn-recover: Recovering log 10 through 10
2020-02-03T06:27:14.651+0000 I STORAGE  [initandlisten] WiredTiger message [1580711234:651731][1:0x7fcf429d1a40], txn-recover: Set global recovery timestamp: 0
2020-02-03T06:27:14.800+0000 I CONTROL  [initandlisten] ** WARNING: You are running this process as the root user, which is not recommended.
2020-02-03T06:27:14.800+0000 I CONTROL  [initandlisten] 
2020-02-03T06:27:14.810+0000 I FTDC     [initandlisten] Initializing full-time diagnostic data capture with directory '/data/db/diagnostic.data'
2020-02-03T06:27:14.810+0000 I NETWORK  [initandlisten] listening via socket bound to 0.0.0.0
2020-02-03T06:27:14.810+0000 I NETWORK  [initandlisten] listening via socket bound to /tmp/mongodb-27017.sock
2020-02-03T06:27:14.810+0000 I NETWORK  [initandlisten] waiting for connections on port 27017
2020-02-08T13:47:28.287+0000 I CONTROL  [signalProcessingThread] got signal 15 (Terminated), will terminate after current cmd ends
2020-02-08T13:47:28.313+0000 I NETWORK  [signalProcessingThread] shutdown: going to close listening sockets...
2020-02-08T13:47:28.313+0000 I NETWORK  [signalProcessingThread] removing socket file: /tmp/mongodb-27017.sock
2020-02-08T13:47:28.315+0000 I FTDC     [signalProcessingThread] Shutting down full-time diagnostic data capture
2020-02-08T13:47:28.318+0000 I STORAGE  [signalProcessingThread] WiredTigerKVEngine shutting down
2020-02-08T13:47:28.833+0000 I STORAGE  [signalProcessingThread] shutdown: removing fs lock...
2020-02-08T13:47:28.833+0000 I CONTROL  [signalProcessingThread] now exiting
2020-02-08T13:47:28.833+0000 I CONTROL  [signalProcessingThread] shutting down with code:0
